2,20210211,5.5
8,20210209,7.0
10,20210208,6.5
10,20210209,12.5
2,20210211,10.0
9,20210209,14.5
8,20210209,17.0
1,20210209,12.5
10,20210211,6.0
8,20210210,10.5
10,20210209,10.0
5,20210208,5.5
1,20210209,9.0
5,20210210,6.5
10,20210208,7.5
1,20210208,5.0
5,20210211,10.0
2,20210210,19.0
6,20210209,11.0
5,20210209,8.0
8,20210209,17.5
5,20210211,9.0
3,20210209,14.5
1,20210209,18.0
2,20210209,11.0
10,20210211,14.0
9,20210210,13.5
6,20210209,10.0
7,20210210,11.5
3,20210208,8.0
2,20210210,14.5
7,20210208,7.5
5,20210211,8.5
8,20210211,4.0
9,20210209,14.0
4,20210210,14.5
3,20210211,12.0
6,20210210,12.0
7,20210210,18.0
8,20210210,11.0
10,20210209,13.0
3,20210210,11.5
6,20210209,13.0
3,20210210,7.0
8,20210208,6.0
4,20210209,10.0
9,20210210,10.5
5,20210211,18.5
3,20210209,13.0
1,20210209,13.5
4,20210209,10.0
1,20210209,8.0
3,20210211,15.5
3,20210211,9.0
1,20210210,16.5
1,20210210,13.5
7,20210210,17.5
4,20210208,2.5
7,20210210,3.0
7,20210211,13.0
10,20210210,9.5
8,20210210,13.5
3,20210210,16.0
5,20210210,11.0
4,20210209,12.5
4,20210209,10.5
10,20210209,17.0
1,20210209,4.5
9,20210210,7.0
8,20210210,14.5
6,20210211,12.5
1,20210209,13.0
10,20210209,10.0
9,20210210,12.5
3,20210209,10.0
4,20210209,8.5
5,20210208,15.5
3,20210210,6.5
8,20210211,9.0
5,20210210,4.0
6,20210210,6.5
10,20210211,5.5
5,20210209,20.0
5,20210211,3.5
8,20210210,6.0
7,20210209,14.5
2,20210210,7.0
6,20210208,9.5
1,20210209,14.0
7,20210211,18.5
1,20210209,4.5
10,20210210,14.0
5,20210209,14.0
1,20210210,12.5
5,20210209,7.5
2,20210210,14.0
10,20210210,18.5
2,20210209,9.5
4,20210211,10.5
7,20210210,14.0
3,20210209,12.5
3,20210208,14.5
3,20210211,3.5
6,20210211,9.5
3,20210209,4.5
8,20210209,15.0
4,20210211,6.0
6,20210210,1.5
7,20210209,13.0
4,20210211,7.0
6,20210210,16.5
1,20210210,14.0
6,20210211,14.0
2,20210209,13.5
1,20210210,6.0
2,20210211,17.5
8,20210210,17.0
2,20210208,12.5
9,20210209,3.0
9,20210209,7.5
2,20210211,11.0
2,20210210,11.0
4,20210211,13.5
1,20210211,12.5
8,20210211,11.0
7,20210209,9.5
7,20210210,5.0
1,20210211,11.0
4,20210210,8.5
8,20210209,14.5
3,20210211,10.0
8,20210211,3.5
4,20210209,3.0
6,20210210,14.5
7,20210211,19.0
7,20210210,14.0
2,20210211,14.5
2,20210210,17.0
3,20210210,3.5
7,20210210,13.0
10,20210210,9.0
9,20210209,10.5
2,20210211,10.0
7,20210211,6.0
2,20210211,7.0
9,20210209,19.5
6,20210209,7.5
10,20210210,11.5
10,20210210,6.0
9,20210209,9.0
7,20210210,9.0
2,20210210,10.0
7,20210210,10.0
4,20210211,12.5
4,20210211,9.0
9,20210209,4.5
9,20210210,10.5
6,20210210,13.5
3,20210209,11.0
2,20210209,10.0
5,20210211,11.5
4,20210209,11.0
4,20210210,4.0
5,20210211,7.0
3,20210208,18.5
5,20210210,5.0
1,20210209,13.0
7,20210210,8.0
6,20210209,11.0
6,20210211,4.5
1,20210209,12.5
5,20210211,5.0
3,20210209,7.0
5,20210208,16.0
6,20210209,9.5
3,20210211,10.0
6,20210210,13.5
7,20210209,13.0
4,20210209,9.0
5,20210210,20.0
4,20210210,8.0
2,20210211,9.5
8,20210210,5.5
9,20210208,2.5
10,20210210,11.0
5,20210209,10.0
6,20210208,13.0
7,20210211,18.0
8,20210208,6.0
7,20210208,2.0
3,20210209,8.0
7,20210210,7.0
6,20210209,10.5
8,20210211,8.5
9,20210211,11.5
10,20210209,11.0
5,20210210,11.0
7,20210209,9.0
6,20210211,9.0
1,20210209,11.5
7,20210209,10.0
4,20210209,16.0
4,20210211,10.5
4,20210209,3.0
1,20210209,10.5
10,20210209,11.0
2,20210210,12.5
9,20210211,14.5
3,20210210,6.0
7,20210211,11.0
5,20210209,13.0
5,20210210,5.0
2,20210211,14.0
5,20210211,6.5
7,20210209,9.0
7,20210209,12.5
7,20210211,13.5
4,20210210,9.5
7,20210210,8.0
4,20210211,8.0
2,20210211,1.0
10,20210211,12.0
2,20210210,12.0
3,20210210,9.0
2,20210211,11.5
4,20210208,6.5
5,20210210,13.5
1,20210210,6.5
8,20210210,14.5
7,20210210,12.0
5,20210209,16.5
10,20210210,8.5
7,20210210,12.5
5,20210211,11.0
6,20210211,14.0
4,20210208,7.0
2,20210210,8.5
1,20210209,6.5
1,20210208,4.0
1,20210209,19.0
8,20210211,9.0
3,20210210,6.0
4,20210211,9.5
8,20210209,13.0
6,20210209,12.5
1,20210209,15.5
1,20210210,12.0
9,20210211,7.5
10,20210209,13.0
3,20210209,10.0
3,20210210,8.0
6,20210209,8.5
9,20210209,16.0
6,20210210,6.0
5,20210211,18.0
8,20210208,5.5
10,20210209,1.5
10,20210211,17.5
2,20210210,13.0
9,20210209,6.5
4,20210210,8.5
8,20210209,7.5
4,20210211,9.0
8,20210211,13.5
4,20210210,14.5
8,20210210,8.0
10,20210211,10.0
1,20210208,5.0
8,20210211,11.5
4,20210210,8.0
2,20210211,18.5
3,20210211,9.5
4,20210210,7.0
3,20210208,11.5
3,20210210,8.5
7,20210208,8.0
9,20210210,9.0
1,20210210,13.5
1,20210208,7.5
1,20210210,11.0
6,20210211,8.5
1,20210210,15.5
9,20210209,15.5
1,20210211,11.0
3,20210211,16.5
6,20210209,7.5
4,20210210,11.5
1,20210210,14.5
9,20210209,11.5
8,20210209,6.5
5,20210210,9.0
3,20210211,18.5
5,20210210,9.5
2,20210209,9.5
4,20210210,14.0
7,20210209,11.5
8,20210208,12.5
6,20210209,11.5
1,20210210,8.0
4,20210210,7.5
2,20210210,9.5
6,20210210,8.0
1,20210210,15.5
1,20210211,6.5
4,20210208,6.5
4,20210210,7.5
7,20210211,4.5
7,20210211,4.0
7,20210209,10.0
10,20210211,6.0
6,20210210,4.0
3,20210210,16.5
8,20210211,8.5
5,20210210,4.0
6,20210209,9.5
9,20210209,12.5
3,20210209,9.0
5,20210209,9.0
6,20210209,17.5
4,20210210,11.5
9,20210208,14.0
6,20210211,11.0
3,20210210,20.0
6,20210211,10.0
4,20210210,14.0
1,20210209,4.5
1,20210209,13.5
7,20210210,7.5
10,20210208,11.5
1,20210208,12.0
6,20210211,12.5
1,20210211,11.0
1,20210210,10.0
9,20210211,13.0
8,20210208,18.0
2,20210211,9.5
8,20210211,6.0
8,20210210,14.0
3,20210210,3.0
2,20210210,4.5
3,20210210,10.5
5,20210210,14.5
5,20210209,13.5
5,20210211,13.5
10,20210211,8.0
4,20210210,20.0
2,20210210,10.0
4,20210211,7.5
3,20210210,14.5
2,20210210,8.5
7,20210210,1.5
1,20210209,12.5
4,20210211,3.5
8,20210211,14.0
10,20210210,14.5
5,20210211,10.0
8,20210211,15.5
2,20210210,4.0
2,20210211,11.0
3,20210211,3.5
8,20210210,18.0
10,20210209,8.0
10,20210211,12.0
5,20210211,3.0
9,20210210,13.0
9,20210210,15.5
8,20210210,11.0
1,20210211,4.5
8,20210211,14.5
1,20210211,6.5
6,20210211,16.5
10,20210209,10.0
7,20210211,10.5
4,20210210,14.5
9,20210211,16.5
5,20210210,14.5
10,20210210,10.5
5,20210210,10.5
7,20210210,10.5
6,20210211,10.5
7,20210210,4.0
6,20210210,7.0
1,20210210,12.5
7,20210210,8.5
10,20210209,8.0
6,20210210,14.5
7,20210211,11.0
4,20210208,13.5
4,20210211,8.5
5,20210211,9.0
8,20210210,9.0
2,20210211,9.5
7,20210211,7.0
2,20210210,12.0
9,20210209,13.5
1,20210211,9.5
6,20210210,11.0
7,20210211,11.0
8,20210209,13.5
5,20210210,9.5
3,20210209,8.5
4,20210209,14.0
1,20210210,10.5
7,20210209,10.0
2,20210211,7.0
8,20210211,10.5
3,20210208,19.0
9,20210208,9.5
2,20210209,3.5
7,20210210,10.5
5,20210208,15.0
2,20210209,11.0
1,20210210,10.0
1,20210209,9.0
9,20210211,13.5
4,20210210,12.0
2,20210211,4.0
9,20210209,9.5
10,20210211,1.5
6,20210211,15.5
4,20210210,8.5
5,20210210,8.5
10,20210210,10.0
1,20210210,9.0
10,20210210,5.0
3,20210209,7.0
2,20210211,12.0
6,20210210,13.5
9,20210208,3.5
3,20210209,11.5
6,20210211,9.0
9,20210211,17.5
9,20210210,15.0
5,20210211,16.0
7,20210210,11.5
9,20210210,5.5
10,20210210,3.5
8,20210211,11.5
2,20210208,17.0
5,20210209,12.5
5,20210211,7.0
2,20210211,6.5
10,20210210,9.0
7,20210210,4.0
10,20210210,9.5
8,20210209,6.5
5,20210211,6.0
7,20210211,9.0
2,20210210,12.5
4,20210211,6.0
6,20210210,8.0
7,20210209,11.5
8,20210211,7.5
6,20210208,19.0
1,20210211,9.5
1,20210210,4.5
3,20210210,13.0
9,20210211,3.5
9,20210209,16.0
8,20210209,9.5
9,20210210,9.0
10,20210210,8.5
4,20210210,8.0
2,20210209,15.5
2,20210211,13.5
7,20210208,11.0
1,20210211,14.0
5,20210211,13.0
8,20210209,2.5
8,20210210,17.0
7,20210211,3.5
3,20210211,9.5
2,20210209,14.5
4,20210211,11.0
1,20210210,17.5
2,20210210,5.5
5,20210210,13.0
10,20210209,19.5
8,20210209,7.0
2,20210209,12.5
5,20210210,9.0
6,20210208,7.5
2,20210210,4.0
9,20210210,7.5
8,20210211,7.5
5,20210210,9.0
7,20210210,5.5
2,20210209,10.5
2,20210209,7.0
2,20210211,7.0
4,20210209,8.5
5,20210209,9.0
10,20210208,11.0
8,20210210,14.5
4,20210208,10.5
2,20210209,5.0
7,20210209,8.0
3,20210210,13.5
3,20210211,11.5
3,20210209,12.0
7,20210210,3.5
5,20210210,6.0
6,20210211,13.0
7,20210211,11.0
4,20210210,11.0
5,20210210,13.5
8,20210209,16.5
2,20210209,12.5
5,20210211,9.5
10,20210210,7.5
5,20210210,4.0
8,20210210,10.0
10,20210210,11.5
1,20210210,13.0
1,20210211,13.5
9,20210211,8.5
1,20210210,14.0
9,20210210,6.5
9,20210210,3.0
5,20210210,16.0
1,20210208,14.0
4,20210210,8.5
10,20210209,3.5
7,20210209,15.0
5,20210211,13.5
8,20210210,4.0
4,20210210,13.5
3,20210208,16.5
7,20210209,3.5
4,20210210,6.5
10,20210211,5.5
5,20210211,7.5
5,20210211,16.5
5,20210209,2.0
8,20210209,8.5
2,20210209,14.0
3,20210210,1.5
4,20210209,18.0
2,20210209,12.0
1,20210211,6.0
10,20210210,11.5
10,20210209,8.0
9,20210210,14.5
2,20210211,12.0
10,20210210,12.0
9,20210209,7.0
6,20210209,11.0
6,20210208,20.0
7,20210211,10.0
10,20210210,12.5
10,20210209,6.0
5,20210210,11.0
4,20210208,7.0
1,20210210,6.5
8,20210209,13.5
3,20210211,7.0
6,20210211,6.5
5,20210209,15.5
5,20210209,9.0
2,20210211,3.5
7,20210211,12.5
1,20210209,11.0
10,20210210,11.0
9,20210209,13.5
7,20210211,7.5
7,20210209,9.5
9,20210209,12.5
6,20210209,17.0
9,20210210,10.0
10,20210211,16.5
6,20210209,16.5
4,20210209,11.5
5,20210209,14.0
4,20210210,4.0
4,20210210,6.0
8,20210211,9.0
8,20210211,11.0
10,20210209,11.0
6,20210210,8.0
7,20210210,4.5
3,20210209,17.0
7,20210209,13.5
5,20210211,11.5
7,20210210,11.0
2,20210211,5.5
5,20210209,10.0
9,20210209,8.0
2,20210210,16.0
4,20210210,9.5
1,20210211,12.0
9,20210209,14.5
5,20210209,12.5
2,20210210,17.0
9,20210209,5.0
4,20210211,7.5
7,20210208,16.0
9,20210209,9.5
4,20210211,6.5
7,20210208,14.0
8,20210211,16.0
6,20210211,19.5
1,20210208,14.5
5,20210210,3.5
2,20210209,10.5
1,20210209,7.0
10,20210209,9.0
1,20210209,15.0
8,20210210,7.0
8,20210209,7.0
3,20210209,10.5
10,20210211,3.5
5,20210209,6.0
1,20210210,9.0
9,20210208,9.0
6,20210211,6.5
6,20210209,13.5
8,20210209,17.5
4,20210211,12.0
7,20210209,5.0
9,20210209,9.0
2,20210209,15.5
7,20210209,6.5
3,20210211,13.0
8,20210209,11.5
5,20210209,11.0
2,20210211,5.5
2,20210209,16.0
3,20210210,3.5
5,20210211,8.0
7,20210210,19.0
6,20210211,12.0
1,20210209,5.0
6,20210209,10.0
9,20210210,13.0
10,20210209,8.0
3,20210211,10.0
8,20210211,13.0
1,20210209,11.0
2,20210209,13.0
9,20210209,10.5
4,20210208,19.0
9,20210211,9.0
8,20210210,7.0
10,20210211,6.5
5,20210210,14.0
10,20210210,12.5
5,20210210,6.5
4,20210209,11.0
7,20210209,12.0
7,20210210,9.5
10,20210210,16.5
5,20210211,2.5
9,20210209,3.5
1,20210209,11.5
8,20210208,10.5
1,20210209,10.0
4,20210210,11.0
8,20210209,1.5
6,20210209,11.0
3,20210210,7.0
5,20210209,10.5
7,20210209,10.0
3,20210209,8.0
2,20210208,15.0
10,20210209,15.0
8,20210211,8.0
6,20210209,7.0
9,20210209,15.5
2,20210210,10.5
10,20210209,10.0
2,20210211,9.5
9,20210210,13.0
3,20210210,13.5
5,20210210,10.0
7,20210210,11.0
4,20210209,17.0
10,20210208,8.5
10,20210209,8.0
1,20210210,10.5
8,20210209,9.5
1,20210210,3.5
1,20210209,9.0
3,20210209,5.5
2,20210209,5.5
6,20210209,12.0
9,20210210,6.0
9,20210210,17.0
9,20210211,13.5
8,20210210,9.0
6,20210210,9.5
10,20210210,9.5
7,20210209,11.0
2,20210210,17.5
2,20210211,12.5
6,20210209,12.0
3,20210209,12.5
8,20210208,9.5
2,20210210,13.5
3,20210210,10.5
9,20210210,17.0
6,20210209,12.5
7,20210210,8.5
1,20210211,10.0
7,20210210,14.5
7,20210211,13.0
4,20210209,8.5
5,20210209,11.5
8,20210210,8.5
4,20210210,13.0
9,20210209,12.0
10,20210210,12.0
6,20210209,12.0
8,20210210,9.5
7,20210210,7.0
5,20210211,10.0
3,20210211,16.0
8,20210210,5.5
2,20210210,15.5
5,20210209,7.5
7,20210210,3.0
9,20210210,13.5
6,20210209,13.5
5,20210209,10.5
5,20210210,10.5
8,20210208,14.0
3,20210209,4.0
7,20210209,10.5
2,20210211,12.5
2,20210211,6.5
4,20210211,4.0
9,20210209,7.5
10,20210210,9.5
5,20210209,13.0
3,20210211,13.0
4,20210211,13.0
9,20210209,15.0
10,20210208,14.0
10,20210210,17.0
3,20210210,12.5
6,20210209,8.0
7,20210209,14.5
6,20210211,10.0
4,20210211,8.5
9,20210211,1.5
9,20210210,8.5
7,20210209,1.0
8,20210211,4.0
3,20210209,7.5
4,20210208,13.0
2,20210210,12.0
9,20210211,4.5
6,20210209,12.0
4,20210209,11.5
1,20210209,7.5
8,20210209,10.0
4,20210211,16.0
9,20210210,6.0
5,20210209,9.5
3,20210211,12.0
3,20210210,4.5
10,20210209,10.5
4,20210210,10.0
5,20210209,9.5
9,20210210,15.5
1,20210209,9.5
10,20210209,9.5
5,20210210,9.5
2,20210208,11.5
3,20210210,15.0
10,20210210,3.0
8,20210209,12.5
2,20210210,5.5
2,20210211,7.0
10,20210209,9.5
7,20210209,18.0
7,20210209,4.0
9,20210209,7.5
2,20210211,7.5
7,20210211,10.0
7,20210210,11.5
5,20210210,2.0
1,20210208,17.5
4,20210210,3.5
2,20210211,18.5
7,20210209,12.0
9,20210211,11.5
3,20210209,6.0
4,20210211,10.0
9,20210210,9.5
5,20210210,9.0
8,20210210,12.0
4,20210209,11.5
4,20210211,13.0
6,20210210,6.5
1,20210211,6.5
4,20210209,14.0
3,20210210,10.0
3,20210209,12.0
8,20210210,12.5
1,20210208,3.5
4,20210211,12.0
5,20210211,9.5
9,20210209,14.5
4,20210210,9.5
9,20210211,4.0
8,20210209,11.0
5,20210210,7.5
3,20210209,16.0
9,20210208,19.5
1,20210211,10.5
1,20210210,7.0
9,20210209,8.5
1,20210209,12.5
10,20210209,19.5
1,20210209,11.5
5,20210210,7.0
7,20210211,13.0
9,20210211,14.5
3,20210210,4.5
8,20210210,11.0
7,20210209,13.0
10,20210210,8.0
4,20210210,10.5
6,20210209,4.5
10,20210210,16.5
10,20210210,8.5
6,20210211,18.0
5,20210208,6.0
10,20210211,12.5
5,20210209,1.0
6,20210209,4.5
4,20210211,10.5
4,20210211,7.0
9,20210209,13.5
5,20210209,10.5
7,20210211,14.0
9,20210209,14.0
2,20210209,16.5
2,20210210,20.0
5,20210211,9.0
4,20210208,13.5
8,20210210,11.0
5,20210211,4.0
1,20210208,12.5
5,20210211,11.5
3,20210209,6.5
1,20210211,7.5
1,20210209,14.5
3,20210210,6.5
7,20210210,5.5
10,20210210,7.5
6,20210211,8.5
4,20210211,13.5
3,20210209,9.5
3,20210210,15.5
3,20210211,6.0
4,20210208,6.0
10,20210209,15.5
2,20210210,8.0
5,20210209,8.5
9,20210209,16.0
6,20210208,3.0
9,20210210,14.5
6,20210211,12.0
2,20210209,15.5
3,20210209,16.5
2,20210209,2.0
5,20210208,8.0
2,20210211,10.0
3,20210209,5.5
6,20210208,5.0
9,20210209,6.0
2,20210209,14.5
3,20210211,16.5
2,20210209,18.0
3,20210208,6.5
8,20210211,7.5
1,20210209,14.5
3,20210209,8.5
3,20210210,8.5
5,20210211,9.5
1,20210210,7.0
4,20210208,4.5
10,20210209,7.5
9,20210209,11.5
5,20210209,7.5
4,20210211,18.5
2,20210210,6.0
10,20210210,8.5
5,20210209,15.0
3,20210209,15.5
4,20210210,12.5
3,20210211,11.0
6,20210211,9.0
6,20210209,17.0
6,20210209,2.5
1,20210209,12.5
2,20210209,8.0
3,20210210,16.5
3,20210209,17.0
7,20210210,3.5
10,20210210,8.0
8,20210210,4.5
2,20210210,11.0
7,20210210,9.0
6,20210211,10.5
2,20210210,11.5
6,20210210,7.5
7,20210211,16.5
10,20210211,14.0
4,20210210,13.5
7,20210211,15.5
5,20210208,12.5
10,20210210,15.0
3,20210209,14.0
5,20210208,3.0
8,20210210,11.0
3,20210209,7.0
7,20210210,19.0
4,20210210,9.5
3,20210210,10.5
3,20210211,8.5
6,20210209,5.5
4,20210210,9.0
7,20210210,11.5
5,20210211,8.0
5,20210209,17.5
5,20210210,15.0
8,20210208,19.0
4,20210210,18.0
10,20210209,13.5
8,20210209,12.5
5,20210209,19.0
6,20210209,15.5
3,20210210,9.0
2,20210211,11.5
3,20210209,4.5
4,20210210,4.5
1,20210211,11.5
10,20210210,17.5
1,20210209,15.0
4,20210210,18.0
10,20210211,10.5
7,20210209,18.0
9,20210209,8.0
9,20210210,6.0
4,20210209,8.5
5,20210211,9.5
2,20210209,16.0
3,20210210,13.5
2,20210208,11.0
1,20210210,12.0
6,20210210,7.0
3,20210210,13.5
10,20210210,14.5
5,20210209,13.0
1,20210210,5.5
1,20210208,11.0
2,20210209,12.0
10,20210211,13.5
5,20210208,11.0
8,20210210,18.0
4,20210209,11.0
7,20210209,7.0
10,20210210,5.5
10,20210209,8.0
10,20210210,8.5
5,20210210,7.5
6,20210210,9.5
5,20210211,11.5
4,20210208,7.5
2,20210209,12.5
10,20210211,10.5
6,20210211,2.0
10,20210211,9.0
7,20210209,13.0
10,20210210,8.5
2,20210209,5.0
7,20210209,7.5
2,20210210,6.0
10,20210210,11.5
4,20210208,13.5
9,20210209,12.0
1,20210211,9.5
1,20210209,8.5
1,20210210,4.5
2,20210209,12.0
8,20210210,9.5
7,20210211,12.0
5,20210209,14.0
6,20210211,13.0
5,20210208,9.5
5,20210209,12.5
3,20210210,3.0
10,20210210,13.0
1,20210209,8.0
6,20210209,9.5
3,20210209,11.0
1,20210209,8.5
8,20210211,16.0
2,20210210,6
7,20210210,10
8,20210211,10
7,20210210,8
9,20210210,10
6,20210209,9
8,20210211,7
6,20210209,8
2,20210209,8
5,20210211,7
10,20210209,6
3,20210209,9
5,20210210,10
9,20210209,8
4,20210211,9
3,20210209,9
8,20210210,7
4,20210209,9
5,20210209,10
6,20210209,8
10,20210211,9
1,20210210,8
10,20210209,9
8,20210211,10
8,20210208,8
5,20210209,6
7,20210209,8
2,20210208,9
8,20210209,8
8,20210211,6
3,20210210,10
3,20210211,7
6,20210210,10
9,20210208,8
6,20210211,8
2,20210210,8
3,20210209,7
10,20210211,6
10,20210209,6
4,20210211,8
1,20210211,7
10,20210210,7
1,20210210,7
1,20210209,10
2,20210211,7
9,20210211,7
10,20210209,7
1,20210208,8
7,20210210,10
9,20210210,7
7,20210210,8
7,20210211,6
8,20210209,9
4,20210211,6
6,20210210,10
8,20210208,9
4,20210209,9
4,20210210,10
7,20210209,6
10,20210210,6
1,20210210,9
3,20210208,8
6,20210209,10
3,20210211,10
6,20210211,7
9,20210211,7
6,20210211,6
9,20210209,6
1,20210209,9
7,20210208,8
2,20210210,7
7,20210209,8
8,20210210,8
10,20210208,7
8,20210211,8
9,20210211,9
10,20210208,7
7,20210208,10
8,20210210,7
9,20210209,10
1,20210211,6
9,20210208,10
10,20210208,8
3,20210210,10
9,20210210,6
5,20210211,8
4,20210210,6
10,20210210,9
7,20210210,6
9,20210209,6
6,20210208,8
4,20210211,7
1,20210209,10
6,20210210,8
9,20210210,10
5,20210209,10
5,20210210,7
4,20210210,8
9,20210208,10
1,20210209,8
2,20210209,9
9,20210210,6
2,20210211,10
9,20210211,7
3,20210211,9
6,20210209,9
3,20210211,10
4,20210210,9
6,20210209,10
3,20210210,7
8,20210211,7
7,20210211,10
7,20210210,7
2,20210211,9
5,20210209,8
5,20210210,9
4,20210210,7
9,20210210,6
4,20210211,6
2,20210211,7
6,20210211,8
7,20210210,6
9,20210209,10
5,20210211,8
8,20210208,9
9,20210209,6
5,20210211,10
9,20210210,10
8,20210210,9
8,20210211,7
2,20210210,8
8,20210208,9
4,20210211,9
5,20210209,7
1,20210209,7
8,20210211,10
4,20210210,6
8,20210208,8
8,20210210,7
5,20210209,7
4,20210209,8
8,20210210,7
6,20210210,6
1,20210210,6
2,20210210,10
5,20210211,7
5,20210209,10
1,20210211,9
6,20210211,9
3,20210210,10
8,20210211,6
1,20210211,7
7,20210209,9
10,20210211,6
9,20210211,8
5,20210210,6
4,20210211,8
1,20210209,6
3,20210209,7
8,20210210,7
9,20210210,6
9,20210210,9
5,20210211,6
5,20210210,9
10,20210210,7
10,20210211,7
3,20210210,10
9,20210208,7
9,20210209,6
9,20210210,10
9,20210210,10
5,20210211,10
8,20210210,6
3,20210211,9
4,20210210,8
2,20210209,9
2,20210210,7
1,20210210,10
10,20210208,7
10,20210210,8
4,20210209,6
7,20210210,7
10,20210211,10
10,20210211,9
4,20210210,10
6,20210210,8
6,20210209,7
8,20210211,7
9,20210208,6
1,20210210,6
8,20210208,8
7,20210209,6
8,20210210,7
1,20210209,9
7,20210208,7
6,20210211,6
10,20210209,8
5,20210209,7
1,20210210,9
4,20210210,9
6,20210210,10
2,20210209,9
8,20210210,7
9,20210208,7
8,20210211,6
9,20210209,10
4,20210208,7
7,20210208,8
1,20210209,8
9,20210210,9
9,20210209,8
4,20210210,10
4,20210210,10
1,20210211,6
2,20210210,8
3,20210209,9
1,20210211,8
10,20210209,10
3,20210208,6
9,20210209,10
2,20210211,6
9,20210209,8
10,20210209,6
3,20210211,10
1,20210209,7
2,20210210,10
10,20210211,7
10,20210209,6
1,20210209,6
9,20210209,7
6,20210210,9
8,20210210,7
7,20210209,6
3,20210208,6
7,20210210,9
4,20210210,8
5,20210211,8
9,20210211,10
2,20210209,9
2,20210210,9
1,20210209,7
6,20210209,8
3,20210209,9
10,20210208,8
5,20210210,10
