8,20210211,11
10,20210210,16
8,20210211,14
2,20210210,18
10,20210209,19
4,20210210,20
6,20210209,20
7,20210209,13
5,20210211,17
9,20210211,18
2,20210211,14
1,20210209,19
3,20210211,14
8,20210210,13
8,20210210,20
10,20210211,12
7,20210211,18
2,20210211,11
8,20210209,13
2,20210209,19
7,20210210,18
5,20210210,15
3,20210211,19
10,20210211,17
1,20210210,18
3,20210209,13
3,20210211,12
4,20210211,12
8,20210211,18
3,20210208,18
10,20210208,17
3,20210210,13
7,20210210,15
6,20210209,13
8,20210208,19
5,20210209,13
3,20210211,13
1,20210211,15
10,20210211,11
5,20210210,17
4,20210211,19
6,20210208,11
1,20210210,19
2,20210208,11
4,20210211,20
4,20210208,17
1,20210209,11
3,20210209,18
10,20210210,16
4,20210208,17
9,20210209,20
1,20210209,12
10,20210210,14
2,20210211,13
1,20210209,11
2,20210208,11
3,20210209,12
2,20210209,11
2,20210209,13
7,20210210,17
6,20210209,15
7,20210211,16
9,20210209,12
2,20210210,12
8,20210211,15
8,20210210,17
4,20210209,18
8,20210211,16
10,20210209,20
4,20210209,19
2,20210209,16
2,20210210,19
7,20210210,14
4,20210210,13
9,20210211,19
7,20210209,18
6,20210209,12
4,20210210,13
8,20210209,13
7,20210211,12
5,20210210,12
2,20210209,17
1,20210210,19
9,20210208,20
10,20210211,15
4,20210210,11
3,20210211,14
9,20210211,14
8,20210209,15
10,20210211,15
2,20210208,19
8,20210209,16
5,20210209,15
1,20210211,16
2,20210211,16
3,20210210,11
3,20210210,19
8,20210211,18
5,20210211,17
3,20210209,11
9,20210209,17
2,20210210,17
7,20210211,12
4,20210209,20
9,20210209,11
1,20210210,19
8,20210209,13
4,20210209,15
7,20210209,15
1,20210211,17
10,20210209,17
3,20210210,15
4,20210209,12
1,20210210,15
3,20210209,16
7,20210210,12
8,20210211,18
1,20210209,12
3,20210211,11
10,20210210,12
2,20210209,11
3,20210209,14
8,20210210,12
1,20210210,19
10,20210211,15
10,20210211,18
3,20210209,15
1,20210209,20
7,20210210,15
4,20210210,11
9,20210210,15
1,20210211,14
1,20210210,18
5,20210209,15
8,20210209,16
5,20210210,18
7,20210209,14
5,20210209,15
3,20210210,13
8,20210210,11
2,20210209,17
2,20210210,14
4,20210211,15
6,20210209,19
3,20210209,15
1,20210211,12
10,20210209,17
4,20210208,12
1,20210211,15
7,20210211,15
5,20210210,12
10,20210211,12
1,20210208,20
7,20210211,11
5,20210208,18
3,20210210,14
1,20210209,17
3,20210209,15
9,20210209,12
7,20210208,16
1,20210211,16
4,20210211,16
6,20210210,20
5,20210211,15
10,20210211,15
6,20210211,11
9,20210209,13
4,20210210,17
4,20210210,13
8,20210210,18
8,20210209,19
2,20210209,14
2,20210209,17
3,20210211,19
3,20210210,18
8,20210209,16
10,20210210,20
7,20210211,12
2,20210210,17
3,20210210,17
4,20210208,19
5,20210209,11
7,20210210,20
2,20210211,20
7,20210211,17
7,20210209,13
2,20210209,13
10,20210209,18
3,20210211,20
3,20210209,19
10,20210210,15
10,20210208,17
7,20210210,17
1,20210209,15
4,20210210,13
4,20210209,19
9,20210209,14
3,20210208,13
3,20210210,15
2,20210211,15
6,20210211,18
4,20210210,12
6,20210210,13
3,20210211,11
9,20210209,19
4,20210209,13
2,20210209,18
8,20210208,15
5,20210209,13
10,20210210,14
8,20210209,19
1,20210209,13
3,20210209,19
2,20210211,17
9,20210209,14
4,20210209,15
3,20210209,19
6,20210210,17
10,20210209,11
4,20210210,16
1,20210210,18
10,20210209,15
3,20210211,16
2,20210210,12
5,20210209,14
7,20210211,19
6,20210211,20
4,20210211,18
4,20210210,20
6,20210209,20
2,20210210,20
6,20210209,18
6,20210209,12
8,20210211,16
5,20210210,19
7,20210208,16
2,20210210,14
1,20210210,20
4,20210209,15
1,20210209,14
10,20210211,17
4,20210209,14
2,20210210,20
5,20210210,11
2,20210211,12
1,20210209,19
8,20210210,20
5,20210209,19
3,20210209,13
6,20210210,15
7,20210211,12
2,20210208,12
9,20210209,20
1,20210210,17
8,20210209,18
8,20210210,20
3,20210208,20
3,20210210,18
7,20210209,11
6,20210210,18
7,20210209,16
6,20210210,17
6,20210210,16
10,20210211,13
1,20210208,19
1,20210211,14
9,20210209,14
3,20210211,14
3,20210210,11
4,20210209,12
9,20210211,15
1,20210209,13
6,20210209,15
2,20210209,13
3,20210211,15
5,20210209,17
4,20210210,16
2,20210210,11
8,20210210,12
2,20210211,13
3,20210210,19
2,20210208,20
7,20210209,11
1,20210211,14
4,20210211,16
10,20210210,16
10,20210211,12
1,20210209,17
8,20210209,14
6,20210209,14
7,20210208,18
9,20210209,11
4,20210210,13
8,20210210,15
1,20210209,13
2,20210209,20
3,20210210,17
8,20210209,16
9,20210210,11
10,20210209,15
2,20210209,13
9,20210210,13
4,20210208,15
10,20210210,11
9,20210210,14
6,20210210,15
10,20210211,11
4,20210210,11
7,20210209,19
5,20210209,12
1,20210210,14
5,20210209,18
8,20210208,20
5,20210211,16
8,20210211,20
10,20210209,11
1,20210209,12
2,20210211,19
3,20210211,12
5,20210209,19
6,20210210,15
4,20210211,18
9,20210211,12
4,20210209,12
7,20210211,18
5,20210209,18
5,20210210,16
4,20210209,11
7,20210209,13
1,20210210,16
4,20210209,15
6,20210208,11
3,20210209,16
6,20210209,17
4,20210209,18
1,20210210,16
1,20210210,14
8,20210209,13
8,20210209,19
1,20210209,13
2,20210211,16
7,20210208,20
4,20210209,15
4,20210209,14
4,20210210,12
5,20210211,19
10,20210211,13
4,20210210,16
2,20210209,13
5,20210211,18
8,20210209,12
2,20210208,14
4,20210211,15
7,20210210,16
4,20210211,11
4,20210210,11
9,20210208,17
10,20210209,18
1,20210208,18
10,20210209,15
3,20210210,15
7,20210209,15
10,20210210,13
3,20210209,17
9,20210208,13
8,20210210,13
4,20210210,14
10,20210209,13
5,20210210,20
7,20210209,12
6,20210209,11
8,20210210,12
10,20210211,19
7,20210210,13
1,20210211,16
9,20210210,13
2,20210211,13
2,20210210,11
3,20210209,18
6,20210210,19
6,20210209,16
7,20210210,14
7,20210210,11
2,20210209,18
5,20210209,15
6,20210208,18
4,20210210,14
1,20210209,14
2,20210209,12
1,20210211,17
4,20210211,12
2,20210211,20
3,20210210,19
10,20210209,15
1,20210209,14
5,20210210,13
9,20210209,16
3,20210210,12
10,20210211,11
5,20210209,18
7,20210210,15
1,20210209,20
5,20210211,14
1,20210209,18
4,20210211,12
3,20210209,17
4,20210211,17
8,20210210,15
2,20210211,18
3,20210210,16
9,20210209,20
7,20210209,16
9,20210210,15
1,20210210,16
3,20210211,20
10,20210209,18
6,20210210,17
9,20210211,13
1,20210211,18
8,20210210,19
3,20210208,11
7,20210209,17
4,20210209,11
6,20210211,17
10,20210211,15
8,20210211,17
3,20210211,19
6,20210209,19
2,20210209,15
3,20210210,12
6,20210210,14
3,20210209,13
7,20210209,14
1,20210211,12
7,20210210,12
5,20210209,12
9,20210209,16
9,20210209,19
6,20210209,18
5,20210210,18
7,20210209,11
2,20210209,18
8,20210211,15
4,20210210,19
6,20210208,13
2,20210210,18
9,20210208,17
10,20210208,19
7,20210209,16
6,20210209,20
1,20210209,16
5,20210210,19
10,20210208,14
10,20210209,14
6,20210211,14
3,20210209,12
3,20210209,20
9,20210209,15
4,20210209,17
6,20210209,16
2,20210211,20
3,20210211,13
8,20210209,16
10,20210210,18
8,20210210,15
5,20210209,15
9,20210211,18
3,20210209,13
9,20210210,18
8,20210210,16
3,20210209,14
7,20210210,16
8,20210210,16
3,20210211,15
6,20210209,17
5,20210208,13
4,20210209,18
5,20210210,19
9,20210210,18
3,20210208,12
1,20210211,18
7,20210209,17
2,20210210,18
3,20210211,19
7,20210210,17
1,20210210,15
2,20210209,20
2,20210209,15
1,20210211,18
5,20210210,19
1,20210209,18
9,20210209,17
7,20210211,16
10,20210209,18
10,20210208,14
5,20210211,20
2,20210211,6
8,20210209,13
10,20210208,10
10,20210209,20
2,20210211,19
9,20210209,19
8,20210209,19
1,20210209,15
10,20210211,7
8,20210210,11
10,20210209,11
5,20210208,6
1,20210209,14
5,20210210,9
10,20210208,10
1,20210208,8
5,20210211,14
2,20210210,19
6,20210209,12
5,20210209,12
8,20210209,20
5,20210211,11
3,20210209,19
1,20210209,20
2,20210209,20
10,20210211,17
9,20210210,14
6,20210209,14
7,20210210,15
3,20210208,10
2,20210210,20
7,20210208,14
5,20210211,10
8,20210211,6
9,20210209,17
4,20210210,17
3,20210211,17
6,20210210,18
7,20210210,20
8,20210210,17
10,20210209,16
3,20210210,19
6,20210209,17
3,20210210,12
8,20210208,9
4,20210209,12
9,20210210,12
5,20210211,19
3,20210209,13
1,20210209,18
4,20210209,15
1,20210209,8
3,20210211,19
3,20210211,16
1,20210210,19
1,20210210,20
7,20210210,19
4,20210208,3
7,20210210,5
7,20210211,15
10,20210210,15
8,20210210,20
3,20210210,19
5,20210210,17
4,20210209,14
4,20210209,13
10,20210209,18
1,20210209,6
9,20210210,9
8,20210210,16
6,20210211,17
1,20210209,20
10,20210209,16
9,20210210,13
3,20210209,15
4,20210209,16
5,20210208,18
3,20210210,8
8,20210211,11
5,20210210,4
6,20210210,9
10,20210211,8
5,20210209,20
5,20210211,4
8,20210210,10
7,20210209,17
2,20210210,11
6,20210208,11
1,20210209,19
7,20210211,19
1,20210209,6
10,20210210,16
5,20210209,17
1,20210210,17
5,20210209,14
2,20210210,15
10,20210210,20
2,20210209,12
4,20210211,12
7,20210210,16
3,20210209,15
3,20210208,17
3,20210211,5
6,20210211,14
3,20210209,5
8,20210209,16
4,20210211,11
6,20210210,2
7,20210209,17
4,20210211,10
6,20210210,18
1,20210210,20
6,20210211,17
2,20210209,16
1,20210210,10
2,20210211,18
8,20210210,18
2,20210208,20
9,20210209,5
9,20210209,13
2,20210211,16
2,20210210,18
4,20210211,16
1,20210211,14
8,20210211,20
7,20210209,16
7,20210210,7
1,20210211,16
4,20210210,16
8,20210209,16
3,20210211,13
8,20210211,6
4,20210209,5
6,20210210,19
7,20210211,20
7,20210210,17
2,20210211,16
2,20210210,19
3,20210210,6
7,20210210,16
10,20210210,10
9,20210209,19
2,20210211,15
7,20210211,10
2,20210211,12
9,20210209,20
6,20210209,8
10,20210210,15
10,20210210,7
9,20210209,17
7,20210210,11
2,20210210,13
7,20210210,12
4,20210211,14
4,20210211,9
9,20210209,5
9,20210210,14
6,20210210,16
3,20210209,20
2,20210209,19
5,20210211,17
4,20210209,11
4,20210210,4
5,20210211,12
3,20210208,19
5,20210210,9
1,20210209,14
7,20210210,14
6,20210209,12
6,20210211,8
1,20210209,16
5,20210211,6
3,20210209,8
5,20210208,17
6,20210209,13
3,20210211,10
6,20210210,14
7,20210209,16
4,20210209,14
5,20210210,20
4,20210210,9
2,20210211,14
8,20210210,10
9,20210208,4
10,20210210,19
5,20210209,16
6,20210208,18
7,20210211,20
8,20210208,10
7,20210208,3
3,20210209,13
7,20210210,13
6,20210209,13
8,20210211,11
9,20210211,15
10,20210209,13
5,20210210,13
7,20210209,15
6,20210211,11
1,20210209,18
7,20210209,18
4,20210209,17
4,20210211,19
4,20210209,3
1,20210209,11
10,20210209,20
2,20210210,16
9,20210211,16
3,20210210,11
7,20210211,18
5,20210209,14
5,20210210,8
2,20210211,17
5,20210211,11
7,20210209,13
7,20210209,14
7,20210211,16
4,20210210,12
7,20210210,9
4,20210211,13
2,20210211,1
10,20210211,13
2,20210210,15
3,20210210,14
2,20210211,14
4,20210208,12
5,20210210,20
1,20210210,12
8,20210210,17
7,20210210,16
5,20210209,17
10,20210210,10
7,20210210,19
5,20210211,18
6,20210211,18
4,20210208,11
2,20210210,16
1,20210209,12
1,20210208,7
1,20210209,20
8,20210211,15
3,20210210,9
4,20210211,10
8,20210209,13
6,20210209,18
1,20210209,16
1,20210210,16
9,20210211,12
10,20210209,15
3,20210209,12
3,20210210,12
6,20210209,9
9,20210209,20
6,20210210,8
5,20210211,20
8,20210208,9
10,20210209,2
10,20210211,20
2,20210210,13
9,20210209,11
4,20210210,12
8,20210209,14
4,20210211,10
8,20210211,18
4,20210210,16
8,20210210,10
10,20210211,18
1,20210208,9
8,20210211,14
4,20210210,8
2,20210211,20
3,20210211,16
4,20210210,9
3,20210208,18
3,20210210,12
7,20210208,15
9,20210210,13
1,20210210,19
1,20210208,10
1,20210210,16
6,20210211,11
1,20210210,18
9,20210209,19
1,20210211,13
3,20210211,20
6,20210209,8
4,20210210,20
1,20210210,20
9,20210209,17
8,20210209,10
5,20210210,16
3,20210211,20
5,20210210,12
2,20210209,18
4,20210210,18
7,20210209,19
8,20210208,18
6,20210209,17
1,20210210,13
4,20210210,12
2,20210210,13
6,20210210,14
1,20210210,19
1,20210211,9
4,20210208,12
4,20210210,12
7,20210211,6
7,20210211,7
7,20210209,17
10,20210211,7
6,20210210,6
3,20210210,18
8,20210211,10
5,20210210,6
6,20210209,12
9,20210209,16
3,20210209,14
5,20210209,15
6,20210209,18
4,20210210,15
9,20210208,17
6,20210211,16
3,20210210,20
6,20210211,19
4,20210210,17
1,20210209,6
1,20210209,18
7,20210210,9
10,20210208,15
1,20210208,12
6,20210211,14
1,20210211,11
1,20210210,19
9,20210211,14
8,20210208,19
2,20210211,13
8,20210211,11
8,20210210,16
3,20210210,4
2,20210210,6
3,20210210,20
5,20210210,18
5,20210209,17
5,20210211,16
10,20210211,11
4,20210210,20
2,20210210,19
4,20210211,12
3,20210210,18
2,20210210,11
7,20210210,2
1,20210209,13
4,20210211,4
8,20210211,15
10,20210210,15
5,20210211,18
8,20210211,17
2,20210210,5
2,20210211,17
3,20210211,6
8,20210210,19
10,20210209,15
10,20210211,20
5,20210211,4
9,20210210,16
9,20210210,18
8,20210210,14
1,20210211,5
8,20210211,16
1,20210211,7
6,20210211,20
10,20210209,10
7,20210211,13
4,20210210,17
9,20210211,18
5,20210210,16
10,20210210,20
5,20210210,13
7,20210210,18
6,20210211,18
7,20210210,4
6,20210210,9
1,20210210,15
7,20210210,13
10,20210209,13
6,20210210,20
7,20210211,17
4,20210208,16
4,20210211,9
5,20210211,10
8,20210210,12
2,20210211,11
7,20210211,9
2,20210210,16
9,20210209,17
1,20210211,17
6,20210210,14
7,20210211,13
8,20210209,16
5,20210210,17
3,20210209,9
4,20210209,19
1,20210210,17
7,20210209,16
2,20210211,13
8,20210211,13
3,20210208,20
9,20210208,14
2,20210209,4
7,20210210,14
5,20210208,19
2,20210209,11
1,20210210,14
1,20210209,15
9,20210211,19
4,20210210,20
2,20210211,7
9,20210209,16
10,20210211,2
6,20210211,17
4,20210210,9
5,20210210,9
10,20210210,12
1,20210210,16
10,20210210,6
3,20210209,10
2,20210211,15
6,20210210,14
9,20210208,4
3,20210209,15
6,20210211,17
9,20210211,18
9,20210210,18
5,20210211,18
7,20210210,20
9,20210210,10
10,20210210,5
8,20210211,16
2,20210208,18
5,20210209,15
5,20210211,7
2,20210211,11
10,20210210,16
7,20210210,6
10,20210210,18
8,20210209,11
5,20210211,8
7,20210211,15
2,20210210,13
4,20210211,7
6,20210210,11
7,20210209,15
8,20210211,14
6,20210208,19
1,20210211,13
1,20210210,6
3,20210210,20
9,20210211,4
9,20210209,19
8,20210209,14
9,20210210,17
10,20210210,15
4,20210210,12
2,20210209,17
2,20210211,15
7,20210208,11
1,20210211,16
5,20210211,16
8,20210209,3
8,20210210,17
7,20210211,5
3,20210211,14
2,20210209,16
4,20210211,14
1,20210210,18
2,20210210,10
5,20210210,16
10,20210209,20
8,20210209,9
2,20210209,16
5,20210210,12
6,20210208,8
2,20210210,6
9,20210210,8
8,20210211,14
5,20210210,17
7,20210210,7
2,20210209,12
2,20210209,13
2,20210211,12
4,20210209,16
5,20210209,13
10,20210208,13
8,20210210,20
4,20210208,11
2,20210209,6
7,20210209,10
3,20210210,16
3,20210211,18
3,20210209,17
7,20210210,5
5,20210210,7
6,20210211,15
7,20210211,16
4,20210210,16
5,20210210,14
8,20210209,17
2,20210209,16
5,20210211,16
10,20210210,14
5,20210210,7
8,20210210,16
10,20210210,20
1,20210210,16
1,20210211,17
9,20210211,12
1,20210210,15
9,20210210,8
9,20210210,5
5,20210210,19
1,20210208,15
4,20210210,14
10,20210209,4
7,20210209,18
5,20210211,18
8,20210210,7
4,20210210,14
3,20210208,19
7,20210209,5
4,20210210,12
10,20210211,8
5,20210211,12
5,20210211,18
5,20210209,3
8,20210209,11
2,20210209,20
3,20210210,2
4,20210209,19
2,20210209,20
1,20210211,8
10,20210210,15
10,20210209,12
9,20210210,19
2,20210211,14
10,20210210,17
9,20210209,7
6,20210209,13
6,20210208,20
7,20210211,17
10,20210210,16
10,20210209,9
5,20210210,15
4,20210208,9
1,20210210,12
8,20210209,17
3,20210211,13
6,20210211,8
5,20210209,20
5,20210209,17
2,20210211,4
7,20210211,17
1,20210209,11
10,20210210,19
9,20210209,17
7,20210211,9
7,20210209,11
9,20210209,15
6,20210209,18
9,20210210,15
10,20210211,20
6,20210209,18
4,20210209,18
5,20210209,18
4,20210210,6
4,20210210,9
8,20210211,14
8,20210211,19
10,20210209,19
6,20210210,8
7,20210210,8
3,20210209,18
7,20210209,19
5,20210211,14
7,20210210,14
2,20210211,10
5,20210209,16
9,20210209,13
2,20210210,20
4,20210210,17
1,20210211,19
9,20210209,16
5,20210209,13
2,20210210,18
9,20210209,9
4,20210211,11
7,20210208,17
9,20210209,11
4,20210211,7
7,20210208,16
8,20210211,19
6,20210211,20
1,20210208,15
5,20210210,5
2,20210209,18
1,20210209,9
10,20210209,15
1,20210209,17
8,20210210,9
8,20210209,13
3,20210209,11
10,20210211,5
5,20210209,6
1,20210210,15
9,20210208,11
6,20210211,10
6,20210209,14
8,20210209,20
4,20210211,18
7,20210209,7
9,20210209,12
2,20210209,16
7,20210209,10
3,20210211,17
8,20210209,14
5,20210209,12
2,20210211,6
2,20210209,18
3,20210210,4
5,20210211,14
7,20210210,20
6,20210211,20
1,20210209,7
6,20210209,12
9,20210210,17
10,20210209,11
3,20210211,12
8,20210211,16
1,20210209,15
2,20210209,16
9,20210209,14
4,20210208,19
9,20210211,14
8,20210210,13
10,20210211,11
5,20210210,15
10,20210210,18
5,20210210,8
4,20210209,19
7,20210209,14
7,20210210,13
10,20210210,19
5,20210211,3
9,20210209,6
1,20210209,13
8,20210208,20
1,20210209,11
4,20210210,18
8,20210209,2
6,20210209,14
3,20210210,9
5,20210209,20
7,20210209,16
3,20210209,12
2,20210208,16
10,20210209,19
8,20210211,13
6,20210209,8
9,20210209,17
2,20210210,17
10,20210209,13
2,20210211,16
9,20210210,20
3,20210210,18
5,20210210,10
7,20210210,15
4,20210209,18
10,20210208,11
10,20210209,15
1,20210210,15
8,20210209,15
1,20210210,4
1,20210209,11
3,20210209,9
2,20210209,7
6,20210209,13
9,20210210,11
9,20210210,18
9,20210211,20
8,20210210,11
6,20210210,18
10,20210210,14
7,20210209,15
2,20210210,19
2,20210211,16
6,20210209,15
3,20210209,18
8,20210208,16
2,20210210,19
3,20210210,20
9,20210210,18
6,20210209,19
7,20210210,16
1,20210211,16
7,20210210,16
7,20210211,15
4,20210209,10
5,20210209,19
8,20210210,10
4,20210210,19
9,20210209,15
10,20210210,20
6,20210209,20
8,20210210,18
7,20210210,13
5,20210211,10
3,20210211,17
8,20210210,6
2,20210210,18
5,20210209,11
7,20210210,4
9,20210210,20
6,20210209,18
5,20210209,17
5,20210210,17
8,20210208,16
3,20210209,5
7,20210209,19
2,20210211,13
2,20210211,7
4,20210211,5
9,20210209,12
10,20210210,16
5,20210209,13
3,20210211,18
4,20210211,20
9,20210209,20
10,20210208,20
10,20210210,18
3,20210210,18
6,20210209,9
7,20210209,19
6,20210211,10
4,20210211,12
9,20210211,2
9,20210210,14
7,20210209,1
8,20210211,6
3,20210209,14
4,20210208,15
2,20210210,18
9,20210211,8
6,20210209,18
4,20210209,18
1,20210209,9
8,20210209,12
4,20210211,20
9,20210210,7
5,20210209,10
3,20210211,19
3,20210210,8
10,20210209,17
4,20210210,19
5,20210209,10
9,20210210,16
1,20210209,13
10,20210209,15
5,20210210,10
2,20210208,15
3,20210210,18
10,20210210,5
8,20210209,18
2,20210210,9
2,20210211,13
10,20210209,15
7,20210209,20
7,20210209,7
9,20210209,9
2,20210211,8
7,20210211,14
7,20210210,12
5,20210210,3
1,20210208,18
4,20210210,6
2,20210211,19
7,20210209,20
9,20210211,20
3,20210209,8
4,20210211,18
9,20210210,15
5,20210210,10
8,20210210,15
4,20210209,15
4,20210211,20
6,20210210,10
1,20210211,11
4,20210209,18
3,20210210,11
3,20210209,13
8,20210210,20
1,20210208,5
4,20210211,18
5,20210211,11
9,20210209,15
4,20210210,12
9,20210211,4
8,20210209,20
5,20210210,13
3,20210209,17
9,20210208,20
1,20210211,18
1,20210210,8
9,20210209,14
1,20210209,19
10,20210209,20
1,20210209,20
5,20210210,8
7,20210211,18
9,20210211,17
3,20210210,6
8,20210210,12
7,20210209,20
10,20210210,10
4,20210210,18
6,20210209,6
10,20210210,20
10,20210210,12
6,20210211,19
5,20210208,11
10,20210211,13
5,20210209,1
6,20210209,7
4,20210211,20
4,20210211,9
9,20210209,15
5,20210209,17
7,20210211,17
9,20210209,16
2,20210209,20
2,20210210,20
5,20210211,10
4,20210208,16
8,20210210,17
5,20210211,6
1,20210208,19
5,20210211,19
3,20210209,7
1,20210211,12
1,20210209,15
3,20210210,12
7,20210210,10
10,20210210,13
6,20210211,12
4,20210211,15
3,20210209,10
3,20210210,19
3,20210211,8
4,20210208,6
10,20210209,18
2,20210210,15
5,20210209,14
9,20210209,20
6,20210208,5
9,20210210,17
6,20210211,16
2,20210209,19
3,20210209,19
2,20210209,2
5,20210208,15
2,20210211,15
3,20210209,8
6,20210208,7
9,20210209,10
2,20210209,18
3,20210211,19
2,20210209,20
3,20210208,8
8,20210211,11
1,20210209,18
3,20210209,9
3,20210210,10
5,20210211,12
1,20210210,13
4,20210208,8
10,20210209,10
9,20210209,13
5,20210209,8
4,20210211,20
2,20210210,11
10,20210210,14
5,20210209,17
3,20210209,18
4,20210210,19
3,20210211,13
6,20210211,10
6,20210209,19
6,20210209,4
1,20210209,15
2,20210209,9
3,20210210,18
3,20210209,18
7,20210210,4
10,20210210,9
8,20210210,8
2,20210210,13
7,20210210,12
6,20210211,19
2,20210210,18
6,20210210,8
7,20210211,20
10,20210211,14
4,20210210,18
7,20210211,19
5,20210208,20
10,20210210,19
3,20210209,19
5,20210208,5
8,20210210,16
3,20210209,10
7,20210210,20
4,20210210,14
3,20210210,13
3,20210211,15
6,20210209,7
4,20210210,14
7,20210210,13
5,20210211,10
5,20210209,20
5,20210210,19
8,20210208,20
4,20210210,20
10,20210209,14
8,20210209,15
5,20210209,20
6,20210209,17
3,20210210,11
2,20210211,19
3,20210209,5
4,20210210,7
1,20210211,18
10,20210210,18
1,20210209,15
4,20210210,18
10,20210211,18
7,20210209,20
9,20210209,8
9,20210210,6
4,20210209,11
5,20210211,12
2,20210209,16
3,20210210,17
2,20210208,13
1,20210210,18
6,20210210,9
3,20210210,18
10,20210210,20
5,20210209,15
1,20210210,7
1,20210208,13
2,20210209,13
10,20210211,15
5,20210208,14
8,20210210,18
4,20210209,16
7,20210209,8
10,20210210,8
10,20210209,15
10,20210210,13
5,20210210,9
6,20210210,13
5,20210211,19
4,20210208,9
2,20210209,17
10,20210211,14
6,20210211,3
10,20210211,16
7,20210209,19
10,20210210,16
2,20210209,9
7,20210209,10
2,20210210,8
10,20210210,12
4,20210208,15
9,20210209,20
1,20210211,13
1,20210209,10
1,20210210,5
2,20210209,18
8,20210210,18
7,20210211,19
5,20210209,19
6,20210211,13
5,20210208,10
5,20210209,14
3,20210210,5
10,20210210,16
1,20210209,14
6,20210209,16
3,20210209,16
1,20210209,14
8,20210211,19
